oct. 03, 2023 6:44:29 P. M. alquiler.model.AlquilaFacil <init>
INFO: Se creó una nueva instancia
oct. 03, 2023 6:44:33 P. M. alquiler.model.AlquilaFacil registrarVehiculo
INFO: Vehículo registrado exitosamente
oct. 03, 2023 6:44:34 P. M. alquiler.model.AlquilaFacil registrarVehiculo
INFO: Vehículo registrado exitosamente
oct. 03, 2023 6:44:36 P. M. alquiler.model.AlquilaFacil registrarVehiculo
INFO: Vehículo registrado exitosamente
oct. 03, 2023 6:44:36 P. M. alquiler.model.AlquilaFacil registrarVehiculo
INFO: Vehículo registrado exitosamente
oct. 03, 2023 6:44:36 P. M. alquiler.model.AlquilaFacil registrarVehiculo
INFO: Vehículo registrado exitosamente
oct. 03, 2023 6:44:36 P. M. alquiler.model.AlquilaFacil registrarVehiculo
INFO: Vehículo registrado exitosamente
oct. 03, 2023 6:44:37 P. M. alquiler.model.AlquilaFacil registrarVehiculo
INFO: Vehículo registrado exitosamente
oct. 03, 2023 6:44:37 P. M. alquiler.model.AlquilaFacil registrarVehiculo
INFO: Vehículo registrado exitosamente
oct. 03, 2023 6:44:37 P. M. alquiler.model.AlquilaFacil registrarVehiculo
INFO: Vehículo registrado exitosamente
oct. 03, 2023 6:44:37 P. M. alquiler.model.AlquilaFacil registrarVehiculo
INFO: Vehículo registrado exitosamente
oct. 03, 2023 6:44:37 P. M. alquiler.model.AlquilaFacil registrarVehiculo
INFO: Vehículo registrado exitosamente
oct. 03, 2023 6:44:37 P. M. alquiler.model.AlquilaFacil registrarVehiculo
INFO: Vehículo registrado exitosamente
oct. 03, 2023 6:44:37 P. M. alquiler.model.AlquilaFacil registrarVehiculo
INFO: Vehículo registrado exitosamente
oct. 03, 2023 6:44:37 P. M. alquiler.model.AlquilaFacil registrarVehiculo
INFO: Vehículo registrado exitosamente
oct. 03, 2023 6:44:38 P. M. alquiler.model.AlquilaFacil registrarVehiculo
INFO: Vehículo registrado exitosamente
oct. 03, 2023 6:44:38 P. M. alquiler.model.AlquilaFacil registrarVehiculo
INFO: Vehículo registrado exitosamente
oct. 03, 2023 6:44:38 P. M. alquiler.model.AlquilaFacil registrarVehiculo
INFO: Vehículo registrado exitosamente
oct. 03, 2023 6:44:38 P. M. alquiler.model.AlquilaFacil registrarVehiculo
INFO: Vehículo registrado exitosamente
oct. 03, 2023 6:44:38 P. M. alquiler.model.AlquilaFacil registrarVehiculo
INFO: Vehículo registrado exitosamente
oct. 03, 2023 6:48:12 P. M. alquiler.model.AlquilaFacil <init>
INFO: Se creó una nueva instancia
oct. 03, 2023 6:48:18 P. M. alquiler.model.AlquilaFacil registrarVehiculo
INFO: Vehículo registrado exitosamente
oct. 03, 2023 6:48:19 P. M. alquiler.model.AlquilaFacil registrarVehiculo
SEVERE: El vehiculo que ingresó ya se encuentra registrado
oct. 03, 2023 6:48:19 P. M. alquiler.controller.RegistrarVehiculoController registrarVehiculo
WARNING: Valor ya registrado
oct. 03, 2023 6:49:50 P. M. alquiler.model.AlquilaFacil registrarAlquiler
WARNING: No se ingresó la cédula del cliente
oct. 03, 2023 7:22:18 P. M. alquiler.model.AlquilaFacil <init>
INFO: Se creó una nueva instancia
oct. 03, 2023 7:22:28 P. M. alquiler.model.AlquilaFacil registrarVehiculo
INFO: Vehículo registrado exitosamente
oct. 03, 2023 7:23:01 P. M. alquiler.model.AlquilaFacil <init>
INFO: Se creó una nueva instancia
oct. 03, 2023 7:23:04 P. M. alquiler.model.AlquilaFacil registrarVehiculo
INFO: Vehículo registrado exitosamente
oct. 03, 2023 7:23:06 P. M. alquiler.model.AlquilaFacil registrarVehiculo
SEVERE: El vehiculo que ingresó ya se encuentra registrado
oct. 03, 2023 7:23:06 P. M. alquiler.controller.RegistrarVehiculoController registrarVehiculo
WARNING: Valor ya registrado
oct. 03, 2023 7:23:16 P. M. alquiler.model.AlquilaFacil registrarUsuario
INFO: Cliente registrado exitosamente
oct. 03, 2023 7:24:29 P. M. alquiler.model.AlquilaFacil registrarAlquiler
INFO: Alquiler registrado exitosamente
oct. 03, 2023 7:25:31 P. M. alquiler.model.AlquilaFacil <init>
INFO: Se creó una nueva instancia
oct. 03, 2023 7:25:42 P. M. alquiler.model.AlquilaFacil registrarVehiculo
INFO: Vehículo registrado exitosamente
oct. 03, 2023 7:25:54 P. M. alquiler.model.AlquilaFacil registrarUsuario
INFO: Cliente registrado exitosamente
oct. 03, 2023 7:26:13 P. M. alquiler.model.AlquilaFacil registrarAlquiler
INFO: Alquiler registrado exitosamente
oct. 03, 2023 7:37:57 P. M. alquiler.model.AlquilaFacil <init>
INFO: Se creó una nueva instancia
oct. 03, 2023 7:46:02 P. M. alquiler.model.AlquilaFacil <init>
INFO: Se creó una nueva instancia
oct. 03, 2023 7:46:09 P. M. alquiler.model.AlquilaFacil registrarVehiculo
INFO: Vehículo registrado exitosamente
oct. 03, 2023 7:46:13 P. M. alquiler.model.AlquilaFacil registrarUsuario
INFO: Cliente registrado exitosamente
oct. 03, 2023 7:47:46 P. M. alquiler.model.AlquilaFacil registrarVehiculo
SEVERE: El vehiculo que ingresó ya se encuentra registrado
oct. 03, 2023 7:47:46 P. M. alquiler.controller.RegistrarVehiculoController registrarVehiculo
WARNING: Valor ya registrado
oct. 03, 2023 7:47:58 P. M. alquiler.model.AlquilaFacil registrarVehiculo
INFO: Vehículo registrado exitosamente
oct. 03, 2023 7:52:15 P. M. alquiler.model.AlquilaFacil <init>
INFO: Se creó una nueva instancia
oct. 03, 2023 7:52:22 P. M. alquiler.model.AlquilaFacil registrarVehiculo
INFO: Vehículo registrado exitosamente
oct. 03, 2023 7:52:33 P. M. alquiler.model.AlquilaFacil registrarUsuario
INFO: Cliente registrado exitosamente
oct. 03, 2023 7:52:46 P. M. alquiler.model.AlquilaFacil registrarAlquiler
INFO: Alquiler registrado exitosamente
oct. 03, 2023 7:55:42 P. M. alquiler.model.AlquilaFacil registrarVehiculo
SEVERE: El vehiculo que ingresó ya se encuentra registrado
oct. 03, 2023 7:55:42 P. M. alquiler.controller.RegistrarVehiculoController registrarVehiculo
WARNING: Valor ya registrado
oct. 03, 2023 8:00:59 P. M. alquiler.model.AlquilaFacil <init>
INFO: Se creó una nueva instancia
oct. 03, 2023 8:01:06 P. M. alquiler.model.AlquilaFacil registrarVehiculo
INFO: Vehículo registrado exitosamente
oct. 03, 2023 8:01:12 P. M. alquiler.model.AlquilaFacil registrarUsuario
INFO: Cliente registrado exitosamente
oct. 03, 2023 8:01:23 P. M. alquiler.model.AlquilaFacil registrarAlquiler
INFO: Alquiler registrado exitosamente
oct. 03, 2023 8:20:29 P. M. alquiler.model.AlquilaFacil <init>
INFO: Se creó una nueva instancia
oct. 03, 2023 8:21:17 P. M. alquiler.model.AlquilaFacil <init>
INFO: Se creó una nueva instancia
oct. 03, 2023 8:29:34 P. M. alquiler.model.AlquilaFacil <init>
INFO: Se creó una nueva instancia
oct. 03, 2023 8:36:03 P. M. alquiler.model.AlquilaFacil <init>
INFO: Se creó una nueva instancia
oct. 03, 2023 9:53:53 P. M. alquiler.model.AlquilaFacil <init>
INFO: Se creó una nueva instancia
oct. 03, 2023 9:54:09 P. M. alquiler.model.AlquilaFacil <init>
INFO: Se creó una nueva instancia
oct. 03, 2023 9:54:18 P. M. alquiler.model.AlquilaFacil registrarVehiculo
INFO: Vehículo registrado exitosamente
oct. 03, 2023 9:54:32 P. M. alquiler.model.AlquilaFacil registrarVehiculo
INFO: Vehículo registrado exitosamente
oct. 03, 2023 9:54:47 P. M. alquiler.model.AlquilaFacil registrarVehiculo
INFO: Vehículo registrado exitosamente
oct. 03, 2023 9:54:52 P. M. alquiler.model.AlquilaFacil registrarUsuario
INFO: Cliente registrado exitosamente
oct. 03, 2023 9:55:22 P. M. alquiler.model.AlquilaFacil registrarAlquiler
INFO: Alquiler registrado exitosamente
oct. 03, 2023 9:55:32 P. M. alquiler.model.AlquilaFacil registrarAlquiler
INFO: Alquiler registrado exitosamente
oct. 03, 2023 9:55:36 P. M. alquiler.model.AlquilaFacil registrarAlquiler
INFO: Alquiler registrado exitosamente
oct. 03, 2023 10:08:09 P. M. alquiler.model.AlquilaFacil <init>
INFO: Se creó una nueva instancia
oct. 03, 2023 10:08:18 P. M. alquiler.model.AlquilaFacil registrarVehiculo
INFO: Vehículo registrado exitosamente
oct. 03, 2023 10:08:25 P. M. alquiler.model.AlquilaFacil registrarVehiculo
INFO: Vehículo registrado exitosamente
oct. 03, 2023 10:08:35 P. M. alquiler.model.AlquilaFacil registrarVehiculo
INFO: Vehículo registrado exitosamente
oct. 03, 2023 10:08:47 P. M. alquiler.model.AlquilaFacil registrarVehiculo
INFO: Vehículo registrado exitosamente
oct. 03, 2023 10:08:51 P. M. alquiler.model.AlquilaFacil registrarVehiculo
INFO: Vehículo registrado exitosamente
oct. 03, 2023 10:08:56 P. M. alquiler.model.AlquilaFacil registrarVehiculo
INFO: Vehículo registrado exitosamente
oct. 03, 2023 10:31:11 P. M. alquiler.model.AlquilaFacil <init>
INFO: Se creó una nueva instancia
oct. 03, 2023 10:31:16 P. M. alquiler.model.AlquilaFacil registrarVehiculo
INFO: Vehículo registrado exitosamente
oct. 03, 2023 10:31:23 P. M. alquiler.model.AlquilaFacil registrarVehiculo
INFO: Vehículo registrado exitosamente
oct. 03, 2023 10:31:27 P. M. alquiler.model.AlquilaFacil registrarVehiculo
INFO: Vehículo registrado exitosamente
oct. 03, 2023 10:31:34 P. M. alquiler.model.AlquilaFacil registrarVehiculo
INFO: Vehículo registrado exitosamente
oct. 03, 2023 10:32:07 P. M. alquiler.model.AlquilaFacil <init>
INFO: Se creó una nueva instancia
oct. 03, 2023 10:32:14 P. M. alquiler.model.AlquilaFacil registrarVehiculo
INFO: Vehículo registrado exitosamente
oct. 03, 2023 10:32:22 P. M. alquiler.model.AlquilaFacil registrarVehiculo
INFO: Vehículo registrado exitosamente
oct. 03, 2023 10:32:34 P. M. alquiler.model.AlquilaFacil registrarUsuario
INFO: Cliente registrado exitosamente
oct. 03, 2023 10:32:38 P. M. alquiler.model.AlquilaFacil registrarUsuario
INFO: Cliente registrado exitosamente
oct. 03, 2023 10:32:53 P. M. alquiler.model.AlquilaFacil registrarAlquiler
INFO: Alquiler registrado exitosamente
oct. 03, 2023 10:33:10 P. M. alquiler.model.AlquilaFacil registrarAlquiler
WARNING: Vehículo no disponible
oct. 03, 2023 10:33:21 P. M. alquiler.model.AlquilaFacil registrarAlquiler
WARNING: Vehículo no disponible
oct. 03, 2023 10:33:31 P. M. alquiler.model.AlquilaFacil registrarAlquiler
WARNING: Vehículo no disponible
oct. 03, 2023 10:33:37 P. M. alquiler.model.AlquilaFacil registrarAlquiler
WARNING: Vehículo no disponible
oct. 03, 2023 10:37:05 P. M. alquiler.model.AlquilaFacil registrarAlquiler
WARNING: Vehículo no disponible
oct. 03, 2023 10:37:17 P. M. alquiler.model.AlquilaFacil registrarAlquiler
WARNING: Vehículo no disponible
oct. 03, 2023 10:37:26 P. M. alquiler.model.AlquilaFacil registrarAlquiler
INFO: Alquiler registrado exitosamente
oct. 03, 2023 10:39:41 P. M. alquiler.model.AlquilaFacil <init>
INFO: Se creó una nueva instancia
oct. 03, 2023 10:39:56 P. M. alquiler.model.AlquilaFacil registrarVehiculo
INFO: Vehículo registrado exitosamente
oct. 03, 2023 10:40:53 P. M. alquiler.model.AlquilaFacil registrarVehiculo
INFO: Vehículo registrado exitosamente
oct. 03, 2023 10:41:07 P. M. alquiler.model.AlquilaFacil registrarUsuario
INFO: Cliente registrado exitosamente
oct. 03, 2023 10:41:14 P. M. alquiler.model.AlquilaFacil registrarUsuario
INFO: Cliente registrado exitosamente
oct. 03, 2023 10:41:34 P. M. alquiler.model.AlquilaFacil registrarAlquiler
WARNING: Vehículo no disponible
oct. 03, 2023 10:41:41 P. M. alquiler.model.AlquilaFacil registrarAlquiler
WARNING: Vehículo no disponible
oct. 03, 2023 10:41:48 P. M. alquiler.model.AlquilaFacil registrarAlquiler
WARNING: Vehículo no disponible
oct. 03, 2023 10:42:42 P. M. alquiler.model.AlquilaFacil <init>
INFO: Se creó una nueva instancia
oct. 03, 2023 10:42:47 P. M. alquiler.model.AlquilaFacil registrarVehiculo
INFO: Vehículo registrado exitosamente
oct. 03, 2023 10:42:54 P. M. alquiler.model.AlquilaFacil registrarVehiculo
INFO: Vehículo registrado exitosamente
oct. 03, 2023 10:42:58 P. M. alquiler.model.AlquilaFacil registrarUsuario
INFO: Cliente registrado exitosamente
oct. 03, 2023 10:43:10 P. M. alquiler.model.AlquilaFacil registrarAlquiler
WARNING: Vehículo no disponible
oct. 03, 2023 10:43:20 P. M. alquiler.model.AlquilaFacil registrarAlquiler
WARNING: Vehículo no disponible
oct. 03, 2023 10:49:41 P. M. alquiler.model.AlquilaFacil <init>
INFO: Se creó una nueva instancia
oct. 03, 2023 10:49:53 P. M. alquiler.model.AlquilaFacil registrarVehiculo
INFO: Vehículo registrado exitosamente
oct. 03, 2023 10:49:58 P. M. alquiler.model.AlquilaFacil registrarVehiculo
SEVERE: El vehiculo que ingresó ya se encuentra registrado
oct. 03, 2023 10:49:58 P. M. alquiler.controller.RegistrarVehiculoController registrarVehiculo
WARNING: Valor ya registrado
oct. 03, 2023 10:50:05 P. M. alquiler.model.AlquilaFacil registrarVehiculo
INFO: Vehículo registrado exitosamente
oct. 03, 2023 10:50:09 P. M. alquiler.model.AlquilaFacil registrarUsuario
INFO: Cliente registrado exitosamente
oct. 03, 2023 10:50:24 P. M. alquiler.model.AlquilaFacil registrarAlquiler
INFO: Alquiler registrado exitosamente
oct. 03, 2023 10:50:37 P. M. alquiler.model.AlquilaFacil registrarAlquiler
INFO: Alquiler registrado exitosamente
oct. 03, 2023 10:50:50 P. M. alquiler.model.AlquilaFacil registrarAlquiler
WARNING: Vehículo no disponible
oct. 03, 2023 10:53:17 P. M. alquiler.model.AlquilaFacil <init>
INFO: Se creó una nueva instancia
oct. 03, 2023 10:53:21 P. M. alquiler.model.AlquilaFacil registrarVehiculo
INFO: Vehículo registrado exitosamente
oct. 03, 2023 10:53:29 P. M. alquiler.model.AlquilaFacil registrarVehiculo
INFO: Vehículo registrado exitosamente
oct. 03, 2023 10:53:34 P. M. alquiler.model.AlquilaFacil registrarUsuario
INFO: Cliente registrado exitosamente
oct. 03, 2023 10:53:45 P. M. alquiler.model.AlquilaFacil registrarAlquiler
INFO: Alquiler registrado exitosamente
oct. 03, 2023 10:53:55 P. M. alquiler.model.AlquilaFacil registrarAlquiler
INFO: Alquiler registrado exitosamente
oct. 03, 2023 10:54:11 P. M. alquiler.model.AlquilaFacil registrarAlquiler
INFO: Alquiler registrado exitosamente
oct. 03, 2023 10:54:25 P. M. alquiler.model.AlquilaFacil registrarAlquiler
INFO: Alquiler registrado exitosamente
oct. 03, 2023 10:54:37 P. M. alquiler.model.AlquilaFacil registrarAlquiler
WARNING: Vehículo no disponible
oct. 03, 2023 10:55:36 P. M. alquiler.model.AlquilaFacil <init>
INFO: Se creó una nueva instancia
oct. 03, 2023 10:56:01 P. M. alquiler.model.AlquilaFacil <init>
INFO: Se creó una nueva instancia
oct. 03, 2023 10:56:11 P. M. alquiler.model.AlquilaFacil registrarVehiculo
INFO: Vehículo registrado exitosamente
oct. 03, 2023 10:56:16 P. M. alquiler.model.AlquilaFacil registrarVehiculo
INFO: Vehículo registrado exitosamente
oct. 03, 2023 10:56:19 P. M. alquiler.model.AlquilaFacil registrarUsuario
INFO: Cliente registrado exitosamente
oct. 03, 2023 10:56:20 P. M. alquiler.model.AlquilaFacil registrarUsuario
SEVERE: La persona que ingreso ya se encuestra registrada
oct. 03, 2023 10:56:20 P. M. alquiler.controller.RegistroUsuarioController registrarUsuario
WARNING: La persona que ingreso ya se encuestra registrada
oct. 03, 2023 10:56:37 P. M. alquiler.model.AlquilaFacil registrarAlquiler
INFO: Alquiler registrado exitosamente
oct. 03, 2023 10:56:47 P. M. alquiler.model.AlquilaFacil registrarAlquiler
INFO: Alquiler registrado exitosamente
oct. 03, 2023 10:59:06 P. M. alquiler.model.AlquilaFacil registrarVehiculo
SEVERE: El vehiculo que ingresó ya se encuentra registrado
oct. 03, 2023 10:59:06 P. M. alquiler.controller.RegistrarVehiculoController registrarVehiculo
WARNING: Valor ya registrado
oct. 03, 2023 11:09:19 P. M. alquiler.model.AlquilaFacil <init>
INFO: Se creó una nueva instancia
oct. 03, 2023 11:09:25 P. M. alquiler.model.AlquilaFacil registrarVehiculo
INFO: Vehículo registrado exitosamente
oct. 03, 2023 11:09:28 P. M. alquiler.model.AlquilaFacil registrarVehiculo
INFO: Vehículo registrado exitosamente
oct. 03, 2023 11:09:34 P. M. alquiler.model.AlquilaFacil registrarVehiculo
SEVERE: El vehiculo que ingresó ya se encuentra registrado
oct. 03, 2023 11:09:34 P. M. alquiler.controller.RegistrarVehiculoController registrarVehiculo
WARNING: Valor ya registrado
oct. 03, 2023 11:09:40 P. M. alquiler.model.AlquilaFacil registrarVehiculo
INFO: Vehículo registrado exitosamente
oct. 03, 2023 11:09:54 P. M. alquiler.model.AlquilaFacil registrarUsuario
INFO: Cliente registrado exitosamente
oct. 03, 2023 11:10:07 P. M. alquiler.model.AlquilaFacil registrarAlquiler
INFO: Alquiler registrado exitosamente
oct. 03, 2023 11:10:14 P. M. alquiler.model.AlquilaFacil registrarAlquiler
INFO: Alquiler registrado exitosamente
oct. 03, 2023 11:10:22 P. M. alquiler.model.AlquilaFacil registrarAlquiler
INFO: Alquiler registrado exitosamente
oct. 03, 2023 11:10:26 P. M. alquiler.model.AlquilaFacil registrarAlquiler
INFO: Alquiler registrado exitosamente
oct. 03, 2023 11:40:12 P. M. alquiler.model.AlquilaFacil <init>
INFO: Se creó una nueva instancia
oct. 03, 2023 11:40:32 P. M. alquiler.model.AlquilaFacil registrarVehiculo
INFO: Vehículo registrado exitosamente
oct. 03, 2023 11:40:41 P. M. alquiler.model.AlquilaFacil registrarVehiculo
INFO: Vehículo registrado exitosamente
oct. 03, 2023 11:40:45 P. M. alquiler.model.AlquilaFacil registrarUsuario
INFO: Cliente registrado exitosamente
oct. 03, 2023 11:44:02 P. M. alquiler.model.AlquilaFacil <init>
INFO: Se creó una nueva instancia
oct. 03, 2023 11:44:15 P. M. alquiler.model.AlquilaFacil registrarVehiculo
INFO: Vehículo registrado exitosamente
oct. 03, 2023 11:44:19 P. M. alquiler.model.AlquilaFacil registrarVehiculo
INFO: Vehículo registrado exitosamente
oct. 03, 2023 11:45:26 P. M. alquiler.model.AlquilaFacil <init>
INFO: Se creó una nueva instancia
oct. 03, 2023 11:45:32 P. M. alquiler.model.AlquilaFacil registrarVehiculo
INFO: Vehículo registrado exitosamente
oct. 03, 2023 11:45:38 P. M. alquiler.model.AlquilaFacil registrarVehiculo
INFO: Vehículo registrado exitosamente
oct. 03, 2023 11:45:42 P. M. alquiler.model.AlquilaFacil registrarUsuario
INFO: Cliente registrado exitosamente
oct. 03, 2023 11:49:50 P. M. alquiler.model.AlquilaFacil <init>
INFO: Se creó una nueva instancia
oct. 03, 2023 11:49:53 P. M. alquiler.model.AlquilaFacil registrarVehiculo
INFO: Vehículo registrado exitosamente
oct. 03, 2023 11:49:58 P. M. alquiler.model.AlquilaFacil registrarUsuario
INFO: Cliente registrado exitosamente
oct. 03, 2023 11:50:13 P. M. alquiler.model.AlquilaFacil registrarAlquiler
INFO: Alquiler registrado exitosamente
oct. 03, 2023 11:50:24 P. M. alquiler.model.AlquilaFacil registrarAlquiler
INFO: Alquiler registrado exitosamente
oct. 03, 2023 11:51:18 P. M. alquiler.model.AlquilaFacil <init>
INFO: Se creó una nueva instancia
oct. 03, 2023 11:51:21 P. M. alquiler.model.AlquilaFacil registrarVehiculo
INFO: Vehículo registrado exitosamente
oct. 03, 2023 11:51:24 P. M. alquiler.model.AlquilaFacil registrarUsuario
INFO: Cliente registrado exitosamente
oct. 03, 2023 11:51:38 P. M. alquiler.model.AlquilaFacil registrarAlquiler
INFO: Alquiler registrado exitosamente
